TN:
SF:src/main/classes/Frequency.ts
FN:15,(anonymous_0)
FN:64,(anonymous_1)
FN:111,(anonymous_2)
FN:159,(anonymous_3)
FN:206,(anonymous_4)
FN:227,(anonymous_5)
FN:261,(anonymous_6)
FN:296,(anonymous_7)
FN:318,(anonymous_8)
FN:346,(anonymous_9)
FN:367,(anonymous_10)
FN:388,(anonymous_11)
FNF:12
FNH:11
FNDA:24,(anonymous_0)
FNDA:6,(anonymous_1)
FNDA:5,(anonymous_2)
FNDA:5,(anonymous_3)
FNDA:5,(anonymous_4)
FNDA:2,(anonymous_5)
FNDA:2,(anonymous_6)
FNDA:2,(anonymous_7)
FNDA:2,(anonymous_8)
FNDA:0,(anonymous_9)
FNDA:2,(anonymous_10)
FNDA:2,(anonymous_11)
DA:7,2
DA:17,24
DA:20,24
DA:22,24
DA:23,51
DA:24,51
DA:25,51
DA:28,51
DA:29,51
DA:30,51
DA:31,51
DA:32,51
DA:35,0
DA:36,0
DA:37,0
DA:38,0
DA:43,24
DA:44,51
DA:45,51
DA:46,51
DA:48,0
DA:49,0
DA:53,24
DA:65,6
DA:68,6
DA:70,6
DA:71,12
DA:72,12
DA:75,12
DA:76,12
DA:77,12
DA:79,12
DA:81,7
DA:82,7
DA:83,7
DA:84,7
DA:86,0
DA:87,0
DA:88,0
DA:92,5
DA:93,5
DA:94,5
DA:97,12
DA:100,6
DA:112,5
DA:115,5
DA:117,5
DA:118,11
DA:119,11
DA:122,11
DA:123,11
DA:124,11
DA:126,11
DA:128,4
DA:129,4
DA:130,4
DA:131,4
DA:133,0
DA:134,0
DA:135,0
DA:139,7
DA:140,7
DA:141,7
DA:144,11
DA:147,5
DA:160,5
DA:163,5
DA:165,5
DA:166,11
DA:167,11
DA:170,11
DA:171,11
DA:172,11
DA:174,11
DA:176,5
DA:177,5
DA:178,5
DA:179,5
DA:181,0
DA:182,0
DA:183,0
DA:187,6
DA:188,6
DA:189,6
DA:192,11
DA:195,5
DA:207,5
DA:209,2
DA:211,1
DA:213,1
DA:216,1
DA:228,2
DA:230,2
DA:232,5
DA:233,5
DA:235,5
DA:237,5
DA:239,5
DA:240,5
DA:241,5
DA:242,5
DA:244,0
DA:245,0
DA:246,0
DA:247,0
DA:251,2
DA:263,2
DA:266,2
DA:267,5
DA:268,5
DA:269,5
DA:271,5
DA:272,5
DA:274,5
DA:275,5
DA:276,5
DA:277,5
DA:279,0
DA:280,0
DA:281,0
DA:282,0
DA:286,2
DA:298,2
DA:300,2
DA:302,5
DA:303,5
DA:304,5
DA:305,5
DA:308,2
DA:319,2
DA:322,2
DA:324,2
DA:325,5
DA:326,5
DA:328,5
DA:330,5
DA:332,0
DA:336,2
DA:347,0
DA:349,0
DA:351,0
DA:352,0
DA:353,0
DA:354,0
DA:357,0
DA:368,2
DA:370,2
DA:372,5
DA:373,5
DA:374,5
DA:375,5
DA:378,2
DA:389,2
DA:392,2
LF:154
LH:123
BRDA:28,0,0,51
BRDA:28,0,1,0
BRDA:28,1,0,51
BRDA:28,1,1,51
BRDA:28,1,2,51
BRDA:30,2,0,51
BRDA:30,2,1,0
BRDA:31,3,0,51
BRDA:31,3,1,0
BRDA:32,4,0,51
BRDA:32,4,1,0
BRDA:38,5,0,0
BRDA:38,5,1,0
BRDA:44,6,0,51
BRDA:44,6,1,0
BRDA:45,7,0,51
BRDA:45,7,1,0
BRDA:79,8,0,7
BRDA:79,8,1,5
BRDA:81,9,0,7
BRDA:81,9,1,0
BRDA:81,10,0,7
BRDA:81,10,1,7
BRDA:82,11,0,7
BRDA:82,11,1,0
BRDA:83,12,0,7
BRDA:83,12,1,0
BRDA:84,13,0,7
BRDA:84,13,1,0
BRDA:97,14,0,12
BRDA:97,14,1,0
BRDA:126,15,0,4
BRDA:126,15,1,7
BRDA:128,16,0,4
BRDA:128,16,1,0
BRDA:128,17,0,4
BRDA:128,17,1,4
BRDA:129,18,0,4
BRDA:129,18,1,0
BRDA:130,19,0,4
BRDA:130,19,1,0
BRDA:131,20,0,4
BRDA:131,20,1,0
BRDA:144,21,0,11
BRDA:144,21,1,0
BRDA:174,22,0,5
BRDA:174,22,1,6
BRDA:174,23,0,11
BRDA:174,23,1,9
BRDA:176,24,0,5
BRDA:176,24,1,0
BRDA:176,25,0,5
BRDA:176,25,1,5
BRDA:177,26,0,5
BRDA:177,26,1,0
BRDA:178,27,0,5
BRDA:178,27,1,0
BRDA:179,28,0,5
BRDA:179,28,1,0
BRDA:192,29,0,11
BRDA:192,29,1,0
BRDA:207,30,0,2
BRDA:207,30,1,1
BRDA:207,30,2,1
BRDA:207,30,3,1
BRDA:235,31,0,5
BRDA:235,31,1,0
BRDA:235,32,0,5
BRDA:235,32,1,5
BRDA:271,33,0,5
BRDA:271,33,1,0
BRDA:271,34,0,5
BRDA:271,34,1,5
BRDA:271,34,2,5
BRDA:277,35,0,5
BRDA:277,35,1,0
BRDA:282,36,0,0
BRDA:282,36,1,0
BRDA:302,37,0,5
BRDA:302,37,1,0
BRDA:303,38,0,5
BRDA:303,38,1,0
BRDA:304,39,0,5
BRDA:304,39,1,0
BRDA:305,40,0,5
BRDA:305,40,1,0
BRDA:328,41,0,5
BRDA:328,41,1,0
BRDA:328,42,0,5
BRDA:328,42,1,5
BRDA:351,43,0,0
BRDA:351,43,1,0
BRDA:352,44,0,0
BRDA:352,44,1,0
BRDA:353,45,0,0
BRDA:353,45,1,0
BRDA:354,46,0,0
BRDA:354,46,1,0
BRDA:372,47,0,5
BRDA:372,47,1,0
BRDA:373,48,0,5
BRDA:373,48,1,0
BRDA:374,49,0,5
BRDA:374,49,1,0
BRDA:375,50,0,5
BRDA:375,50,1,0
BRF:106
BRH:61
end_of_record
TN:
SF:src/main/classes/ImageData.ts
FN:13,(anonymous_0)
FN:20,(anonymous_1)
FN:24,(anonymous_2)
FN:28,(anonymous_3)
FN:46,(anonymous_4)
FN:67,(anonymous_5)
FN:88,(anonymous_6)
FN:103,(anonymous_7)
FN:120,(anonymous_8)
FN:137,(anonymous_9)
FN:160,(anonymous_10)
FNF:11
FNH:10
FNDA:10,(anonymous_0)
FNDA:19,(anonymous_1)
FNDA:1,(anonymous_2)
FNDA:1,(anonymous_3)
FNDA:19,(anonymous_4)
FNDA:56,(anonymous_5)
FNDA:1,(anonymous_6)
FNDA:0,(anonymous_7)
FNDA:1,(anonymous_8)
FNDA:1,(anonymous_9)
FNDA:1,(anonymous_10)
DA:8,1
DA:14,10
DA:15,10
DA:17,10
DA:21,19
DA:25,1
DA:29,1
DA:47,19
DA:48,19
DA:49,19
DA:50,19
DA:51,19
DA:52,19
DA:68,56
DA:69,56
DA:70,56
DA:77,0
DA:89,1
DA:90,36
DA:104,0
DA:105,0
DA:106,0
DA:121,1
DA:122,1
DA:123,16
DA:125,1
DA:138,1
DA:139,1
DA:140,2
DA:141,4
DA:143,4
DA:144,4
DA:147,1
DA:161,1
DA:162,1
DA:164,1
DA:166,1
DA:167,3
DA:168,9
DA:169,9
DA:170,9
DA:173,9
DA:174,27
DA:175,81
DA:176,81
DA:178,81
DA:179,49
DA:180,49
DA:181,49
DA:182,49
DA:183,49
DA:189,9
DA:190,9
DA:191,9
DA:193,9
DA:197,1
LF:56
LH:52
BRDA:46,0,0,13
BRDA:47,1,0,19
BRDA:47,1,1,0
BRDA:47,2,0,19
BRDA:47,2,1,19
BRDA:47,2,2,19
BRDA:47,2,3,19
BRDA:68,3,0,56
BRDA:68,3,1,0
BRDA:68,4,0,56
BRDA:68,4,1,56
BRDA:68,4,2,56
BRDA:68,4,3,56
BRDA:71,5,0,56
BRDA:71,5,1,0
BRDA:72,6,0,56
BRDA:72,6,1,0
BRDA:73,7,0,56
BRDA:73,7,1,0
BRDA:74,8,0,56
BRDA:74,8,1,0
BRDA:104,9,0,0
BRDA:104,9,1,0
BRDA:104,10,0,0
BRDA:104,10,1,0
BRDA:106,11,0,0
BRDA:106,11,1,0
BRDA:123,12,0,16
BRDA:123,12,1,0
BRDA:178,13,0,49
BRDA:178,13,1,32
BRDA:178,14,0,81
BRDA:178,14,1,72
BRDA:178,14,2,63
BRDA:178,14,3,56
BRDA:180,15,0,49
BRDA:180,15,1,0
BRDA:181,16,0,49
BRDA:181,16,1,0
BRDA:182,17,0,49
BRDA:182,17,1,0
BRDA:183,18,0,49
BRDA:183,18,1,0
BRF:43
BRH:26
end_of_record
TN:
SF:src/main/classes/Projection.ts
FN:23,(anonymous_0)
FN:73,(anonymous_1)
FN:121,(anonymous_2)
FN:183,(anonymous_3)
FN:242,(anonymous_4)
FN:278,(anonymous_5)
FNF:6
FNH:6
FNDA:8,(anonymous_0)
FNDA:7,(anonymous_1)
FNDA:7,(anonymous_2)
FNDA:7,(anonymous_3)
FNDA:6,(anonymous_4)
FNDA:2,(anonymous_5)
DA:7,2
DA:24,8
DA:26,8
DA:27,11
DA:29,17
DA:32,17
DA:33,17
DA:34,29
DA:35,29
DA:36,29
DA:37,29
DA:38,29
DA:43,17
DA:44,17
DA:45,17
DA:48,17
DA:49,17
DA:50,17
DA:51,17
DA:55,8
DA:74,7
DA:76,7
DA:77,10
DA:79,16
DA:82,16
DA:83,16
DA:84,28
DA:85,28
DA:86,28
DA:87,28
DA:91,16
DA:92,16
DA:93,16
DA:96,16
DA:97,16
DA:98,16
DA:99,16
DA:103,7
DA:122,7
DA:123,7
DA:125,7
DA:127,7
DA:128,10
DA:130,16
DA:133,16
DA:134,16
DA:135,16
DA:138,16
DA:139,16
DA:140,25
DA:141,25
DA:142,25
DA:144,25
DA:145,25
DA:146,25
DA:147,25
DA:148,25
DA:153,16
DA:154,16
DA:155,16
DA:158,16
DA:159,16
DA:160,16
DA:161,16
DA:165,7
DA:184,7
DA:185,7
DA:187,7
DA:189,7
DA:190,10
DA:192,16
DA:200,16
DA:201,16
DA:202,5760
DA:203,5760
DA:205,5760
DA:206,0
DA:207,0
DA:208,0
DA:209,0
DA:214,16
DA:215,16
DA:216,16
DA:219,16
DA:220,16
DA:221,16
DA:222,16
DA:226,7
DA:244,6
DA:246,2
DA:248,1
DA:250,1
DA:252,1
DA:255,1
DA:256,1
DA:257,16
DA:259,1
DA:279,2
DA:282,2
DA:283,2
DA:284,2
DA:285,2
DA:287,2
LF:103
LH:99
BRDA:35,0,0,29
BRDA:35,0,1,0
BRDA:35,1,0,29
BRDA:35,1,1,29
BRDA:35,1,2,29
BRDA:36,2,0,29
BRDA:36,2,1,0
BRDA:37,3,0,29
BRDA:37,3,1,0
BRDA:38,4,0,29
BRDA:38,4,1,0
BRDA:51,5,0,17
BRDA:51,5,1,0
BRDA:85,6,0,28
BRDA:85,6,1,0
BRDA:86,7,0,28
BRDA:86,7,1,0
BRDA:87,8,0,28
BRDA:87,8,1,0
BRDA:99,9,0,16
BRDA:99,9,1,0
BRDA:144,10,0,25
BRDA:144,10,1,0
BRDA:144,11,0,25
BRDA:144,11,1,25
BRDA:144,11,2,25
BRDA:144,11,3,25
BRDA:146,12,0,25
BRDA:146,12,1,0
BRDA:147,13,0,25
BRDA:147,13,1,0
BRDA:148,14,0,25
BRDA:148,14,1,0
BRDA:161,15,0,16
BRDA:161,15,1,0
BRDA:205,16,0,0
BRDA:205,16,1,5760
BRDA:205,17,0,5760
BRDA:205,17,1,3344
BRDA:205,17,2,640
BRDA:205,17,3,320
BRDA:207,18,0,0
BRDA:207,18,1,0
BRDA:208,19,0,0
BRDA:208,19,1,0
BRDA:209,20,0,0
BRDA:209,20,1,0
BRDA:222,21,0,16
BRDA:222,21,1,0
BRDA:244,22,0,2
BRDA:244,22,1,1
BRDA:244,22,2,1
BRDA:244,22,3,1
BRDA:244,22,4,1
BRDA:257,23,0,16
BRDA:257,23,1,0
BRF:56
BRH:33
end_of_record
TN:
SF:src/main/classes/Spatial.ts
FN:35,(anonymous_0)
FNF:1
FNH:1
FNDA:23,(anonymous_0)
DA:7,2
DA:12,2
DA:36,23
DA:38,23
DA:39,23
DA:40,1
DA:42,22
DA:44,22
DA:45,22
DA:47,22
DA:49,22
DA:50,71
DA:51,1105
DA:54,1105
DA:55,3315
DA:56,9945
DA:57,9945
DA:59,9945
DA:60,9945
DA:63,9945
DA:64,9945
DA:65,9945
DA:68,9945
DA:69,9945
DA:70,9945
DA:71,9945
DA:74,9945
DA:75,9945
DA:76,9945
DA:82,1105
DA:83,1105
DA:84,1105
DA:86,1105
DA:87,1105
DA:88,1105
DA:89,1105
DA:90,1105
DA:94,22
LF:38
LH:38
BRDA:39,0,0,1
BRDA:39,0,1,22
BRDA:59,1,0,9945
BRDA:59,1,1,0
BRDA:59,2,0,9945
BRDA:59,2,1,9945
BRDA:59,2,2,9945
BRDA:59,2,3,9945
BRDA:63,3,0,9945
BRDA:63,3,1,6912
BRDA:64,4,0,9945
BRDA:64,4,1,6912
BRDA:65,5,0,9945
BRDA:65,5,1,6912
BRDA:69,6,0,9945
BRDA:69,6,1,0
BRDA:69,7,0,9945
BRDA:69,7,1,9945
BRDA:69,7,2,9945
BRDA:69,7,3,9945
BRDA:69,7,4,9945
BRDA:71,8,0,9945
BRDA:71,8,1,0
BRDA:90,9,0,1105
BRDA:90,9,1,793
BRF:25
BRH:22
end_of_record
TN:
SF:src/main/classes/dipCanvas.ts
FN:12,(anonymous_0)
FN:16,(anonymous_1)
FN:21,(anonymous_2)
FN:26,(anonymous_3)
FN:31,(anonymous_4)
FN:43,(anonymous_5)
FNF:6
FNH:6
FNDA:17,(anonymous_0)
FNDA:4,(anonymous_1)
FNDA:10,(anonymous_2)
FNDA:7,(anonymous_3)
FNDA:2,(anonymous_4)
FNDA:2,(anonymous_5)
DA:7,1
DA:9,1
DA:13,17
DA:17,4
DA:22,10
DA:27,7
DA:32,2
DA:44,2
LF:8
LH:8
BRDA:21,0,0,0
BRF:1
BRH:0
end_of_record
TN:
SF:src/main/classes/dipImage.ts
FN:19,(anonymous_0)
FN:30,(anonymous_1)
FN:38,(anonymous_2)
FN:46,(anonymous_3)
FN:59,(anonymous_4)
FN:75,(anonymous_5)
FN:91,(anonymous_6)
FN:101,(anonymous_7)
FN:113,(anonymous_8)
FN:125,(anonymous_9)
FN:143,(anonymous_10)
FNF:11
FNH:11
FNDA:81,(anonymous_0)
FNDA:7,(anonymous_1)
FNDA:6,(anonymous_2)
FNDA:88,(anonymous_3)
FNDA:1212,(anonymous_4)
FNDA:229,(anonymous_5)
FNDA:7,(anonymous_6)
FNDA:2,(anonymous_7)
FNDA:4,(anonymous_8)
FNDA:4,(anonymous_9)
FNDA:5,(anonymous_10)
DA:9,2
DA:20,81
DA:21,81
DA:23,81
DA:31,7
DA:39,6
DA:47,88
DA:60,1212
DA:61,1208
DA:62,1208
DA:63,1208
DA:64,1208
DA:65,1208
DA:76,229
DA:77,225
DA:78,225
DA:85,4
DA:92,7
DA:93,80120
DA:102,2
DA:103,1
DA:104,16
DA:114,4
DA:115,4
DA:116,64
DA:118,4
DA:126,4
DA:127,4
DA:128,6
DA:129,10
DA:131,10
DA:132,10
DA:135,4
DA:144,5
DA:145,5
DA:147,5
DA:149,5
DA:150,13
DA:151,35
DA:152,35
DA:153,35
DA:156,35
DA:157,113
DA:158,379
DA:159,379
DA:161,379
DA:162,179
DA:163,179
DA:164,179
DA:165,179
DA:166,179
DA:172,35
DA:173,35
DA:174,35
DA:176,35
DA:180,5
LF:56
LH:56
BRDA:59,0,0,1163
BRDA:60,1,0,1208
BRDA:60,1,1,4
BRDA:60,2,0,1212
BRDA:60,2,1,1208
BRDA:60,2,2,1208
BRDA:60,2,3,1208
BRDA:76,3,0,225
BRDA:76,3,1,4
BRDA:76,4,0,229
BRDA:76,4,1,227
BRDA:76,4,2,225
BRDA:76,4,3,225
BRDA:79,5,0,225
BRDA:79,5,1,0
BRDA:80,6,0,225
BRDA:80,6,1,0
BRDA:81,7,0,225
BRDA:81,7,1,0
BRDA:82,8,0,225
BRDA:82,8,1,0
BRDA:102,9,0,1
BRDA:102,9,1,1
BRDA:102,10,0,2
BRDA:102,10,1,1
BRDA:104,11,0,16
BRDA:104,11,1,0
BRDA:116,12,0,64
BRDA:116,12,1,0
BRDA:161,13,0,179
BRDA:161,13,1,200
BRDA:161,14,0,379
BRDA:161,14,1,316
BRDA:161,14,2,253
BRDA:161,14,3,216
BRDA:163,15,0,179
BRDA:163,15,1,0
BRDA:164,16,0,179
BRDA:164,16,1,0
BRDA:165,17,0,179
BRDA:165,17,1,0
BRDA:166,18,0,179
BRDA:166,18,1,0
BRF:43
BRH:33
end_of_record
